GowinSynthesis start
Running parser ...
Analyzing Verilog file 'I:\Gowin\mini_star\exp3_key_led\src\btn_deb.v'
Analyzing Verilog file 'I:\Gowin\mini_star\exp3_key_led\src\key_ctl.v'
Analyzing Verilog file 'I:\Gowin\mini_star\exp3_key_led\src\led.v'
Analyzing Verilog file 'I:\Gowin\mini_star\exp3_key_led\src\key_led_top.v'
Compiling module 'key_led_top'("I:\Gowin\mini_star\exp3_key_led\src\key_led_top.v":23)
Compiling module 'key_ctl'("I:\Gowin\mini_star\exp3_key_led\src\key_ctl.v":23)
Compiling module 'btn_deb(BTN_WIDTH=4'd1,MS_20=20'd540000)'("I:\Gowin\mini_star\exp3_key_led\src\btn_deb.v":23)
WARN  (EX2629) : Delay control is not supported for synthesis("I:\Gowin\mini_star\exp3_key_led\src\btn_deb.v":39)
WARN  (EX2629) : Delay control is not supported for synthesis("I:\Gowin\mini_star\exp3_key_led\src\btn_deb.v":41)
WARN  (EX2629) : Delay control is not supported for synthesis("I:\Gowin\mini_star\exp3_key_led\src\btn_deb.v":47)
WARN  (EX2629) : Delay control is not supported for synthesis("I:\Gowin\mini_star\exp3_key_led\src\key_ctl.v":46)
WARN  (EX2629) : Delay control is not supported for synthesis("I:\Gowin\mini_star\exp3_key_led\src\key_ctl.v":55)
WARN  (EX2629) : Delay control is not supported for synthesis("I:\Gowin\mini_star\exp3_key_led\src\key_ctl.v":57)
Compiling module 'led'("I:\Gowin\mini_star\exp3_key_led\src\led.v":23)
WARN  (EX2629) : Delay control is not supported for synthesis("I:\Gowin\mini_star\exp3_key_led\src\led.v":37)
WARN  (EX2629) : Delay control is not supported for synthesis("I:\Gowin\mini_star\exp3_key_led\src\led.v":39)
WARN  (EX2629) : Delay control is not supported for synthesis("I:\Gowin\mini_star\exp3_key_led\src\led.v":58)
WARN  (EX2629) : Delay control is not supported for synthesis("I:\Gowin\mini_star\exp3_key_led\src\led.v":60)
WARN  (EX2629) : Delay control is not supported for synthesis("I:\Gowin\mini_star\exp3_key_led\src\led.v":65)
WARN  (EX2629) : Delay control is not supported for synthesis("I:\Gowin\mini_star\exp3_key_led\src\led.v":67)
WARN  (EX2629) : Delay control is not supported for synthesis("I:\Gowin\mini_star\exp3_key_led\src\led.v":72)
WARN  (EX2629) : Delay control is not supported for synthesis("I:\Gowin\mini_star\exp3_key_led\src\led.v":74)
NOTE  (EX0101) : Current top module is "key_led_top"
[5%] Running netlist conversion ...
Running device independent optimization ...
[10%] Optimizing Phase 0 completed
[15%] Optimizing Phase 1 completed
[25%] Optimizing Phase 2 completed
Running inference ...
[30%] Inferring Phase 0 completed
[40%] Inferring Phase 1 completed
[50%] Inferring Phase 2 completed
[55%] Inferring Phase 3 completed
Running technical mapping ...
[60%] Tech-Mapping Phase 0 completed
[65%] Tech-Mapping Phase 1 completed
[75%] Tech-Mapping Phase 2 completed
[80%] Tech-Mapping Phase 3 completed
[90%] Tech-Mapping Phase 4 completed
[95%] Generate netlist file "I:\Gowin\mini_star\exp3_key_led\impl\gwsynthesis\key_led.vg" completed
[100%] Generate report file "I:\Gowin\mini_star\exp3_key_led\impl\gwsynthesis\key_led_syn.rpt.html" completed
GowinSynthesis finish
