Reading netlist file: "I:\Gowin\mini_star\exp4_seg_display\impl\gwsynthesis\SEG_2.vg"
Parsing netlist file "I:\Gowin\mini_star\exp4_seg_display\impl\gwsynthesis\SEG_2.vg" completed
Processing netlist completed
Reading constraint file: "I:\Gowin\mini_star\exp4_seg_display\src\top_seq2.cst"
Physical Constraint parsed completed
Running placement......
[10%] Placement Phase 0 completed
[20%] Placement Phase 1 completed
[30%] Placement Phase 2 completed
[50%] Placement Phase 3 completed
Running routing......
[60%] Routing Phase 0 completed
[70%] Routing Phase 1 completed
[80%] Routing Phase 2 completed
[90%] Routing Phase 3 completed
Running timing analysis......
[95%] Timing analysis completed
Placement and routing completed
Bitstream generation in progress......
Bitstream generation completed
Running power analysis......
[100%] Power analysis completed
Generate file "I:\Gowin\mini_star\exp4_seg_display\impl\pnr\SEG_2.power.html" completed
Generate file "I:\Gowin\mini_star\exp4_seg_display\impl\pnr\SEG_2.pin.html" completed
Generate file "I:\Gowin\mini_star\exp4_seg_display\impl\pnr\SEG_2.rpt.html" completed
Generate file "I:\Gowin\mini_star\exp4_seg_display\impl\pnr\SEG_2.rpt.txt" completed
Generate file "I:\Gowin\mini_star\exp4_seg_display\impl\pnr\SEG_2.tr.html" completed
Thu May 13 14:16:26 2021

