Reading netlist file: "C:\Users\Uncle\Desktop\FPGA\mini_star(1)\exp7_watch\impl\gwsynthesis\watch.vg"
Parsing netlist file "C:\Users\Uncle\Desktop\FPGA\mini_star(1)\exp7_watch\impl\gwsynthesis\watch.vg" completed
Processing netlist completed
Reading constraint file: "C:\Users\Uncle\Desktop\FPGA\mini_star(1)\exp7_watch\src\top_watch.cst"
Physical Constraint parsed completed
Running placement......
[10%] Placement Phase 0 completed
[20%] Placement Phase 1 completed
[30%] Placement Phase 2 completed
[50%] Placement Phase 3 completed
Running routing......
[60%] Routing Phase 0 completed
[70%] Routing Phase 1 completed
[80%] Routing Phase 2 completed
[90%] Routing Phase 3 completed
Running timing analysis......
[95%] Timing analysis completed
Placement and routing completed
Bitstream generation in progress......
Bitstream generation completed
Running power analysis......
[100%] Power analysis completed
Generate file "C:\Users\Uncle\Desktop\FPGA\mini_star(1)\exp7_watch\impl\pnr\watch.power.html" completed
Generate file "C:\Users\Uncle\Desktop\FPGA\mini_star(1)\exp7_watch\impl\pnr\watch.pin.html" completed
Generate file "C:\Users\Uncle\Desktop\FPGA\mini_star(1)\exp7_watch\impl\pnr\watch.rpt.html" completed
Generate file "C:\Users\Uncle\Desktop\FPGA\mini_star(1)\exp7_watch\impl\pnr\watch.rpt.txt" completed
Generate file "C:\Users\Uncle\Desktop\FPGA\mini_star(1)\exp7_watch\impl\pnr\watch.tr.html" completed
Thu Mar 03 12:06:35 2022

