GowinSynthesis start
Running parser ...
Analyzing Verilog file 'I:\Gowin\mini_star\exp4_seg_display\src\btn_deb.v'
Analyzing Verilog file 'I:\Gowin\mini_star\exp4_seg_display\src\div_clk.v'
Analyzing Verilog file 'I:\Gowin\mini_star\exp4_seg_display\src\key_cnt.v'
Analyzing Verilog file 'I:\Gowin\mini_star\exp4_seg_display\src\seq_control.v'
Analyzing Verilog file 'I:\Gowin\mini_star\exp4_seg_display\src\top_seq2.v'
Compiling module 'top_seq2'("I:\Gowin\mini_star\exp4_seg_display\src\top_seq2.v":24)
Compiling module 'btn_deb(BTN_WIDTH=4'd4,MS_20=20'd540000)'("I:\Gowin\mini_star\exp4_seg_display\src\btn_deb.v":23)
Compiling module 'key_cnt'("I:\Gowin\mini_star\exp4_seg_display\src\key_cnt.v":29)
Compiling module 'div_clk'("I:\Gowin\mini_star\exp4_seg_display\src\div_clk.v":21)
WARN  (EX2629) : Delay control is not supported for synthesis("I:\Gowin\mini_star\exp4_seg_display\src\div_clk.v":31)
WARN  (EX2629) : Delay control is not supported for synthesis("I:\Gowin\mini_star\exp4_seg_display\src\div_clk.v":33)
WARN  (EX2629) : Delay control is not supported for synthesis("I:\Gowin\mini_star\exp4_seg_display\src\div_clk.v":40)
WARN  (EX2629) : Delay control is not supported for synthesis("I:\Gowin\mini_star\exp4_seg_display\src\div_clk.v":42)
Compiling module 'seq_control'("I:\Gowin\mini_star\exp4_seg_display\src\seq_control.v":21)
NOTE  (EX0101) : Current top module is "top_seq2"
[5%] Running netlist conversion ...
Running device independent optimization ...
[10%] Optimizing Phase 0 completed
[15%] Optimizing Phase 1 completed
[25%] Optimizing Phase 2 completed
Running inference ...
[30%] Inferring Phase 0 completed
[40%] Inferring Phase 1 completed
[50%] Inferring Phase 2 completed
[55%] Inferring Phase 3 completed
Running technical mapping ...
[60%] Tech-Mapping Phase 0 completed
[65%] Tech-Mapping Phase 1 completed
[75%] Tech-Mapping Phase 2 completed
[80%] Tech-Mapping Phase 3 completed
[90%] Tech-Mapping Phase 4 completed
WARN  (NL0002) : The module "seq_control" instantiated to "seq_control_0" is swept in optimizing("I:\Gowin\mini_star\exp4_seg_display\src\top_seq2.v":108)
WARN  (NL0002) : The module "seq_control" instantiated to "seq_control_1" is swept in optimizing("I:\Gowin\mini_star\exp4_seg_display\src\top_seq2.v":119)
WARN  (NL0002) : The module "seq_control" instantiated to "seq_control_2" is swept in optimizing("I:\Gowin\mini_star\exp4_seg_display\src\top_seq2.v":130)
WARN  (NL0002) : The module "seq_control" instantiated to "seq_control_3" is swept in optimizing("I:\Gowin\mini_star\exp4_seg_display\src\top_seq2.v":141)
[95%] Generate netlist file "I:\Gowin\mini_star\exp4_seg_display\impl\gwsynthesis\SEG_2.vg" completed
[100%] Generate report file "I:\Gowin\mini_star\exp4_seg_display\impl\gwsynthesis\SEG_2_syn.rpt.html" completed
GowinSynthesis finish
