Reading netlist file: "I:\Gowin\mini_star\exp3_key_led\impl\gwsynthesis\key_led.vg"
Parsing netlist file "I:\Gowin\mini_star\exp3_key_led\impl\gwsynthesis\key_led.vg" completed
Processing netlist completed
Reading constraint file: "I:\Gowin\mini_star\exp3_key_led\src\key_led_top.cst"
Physical Constraint parsed completed
Running placement......
[10%] Placement Phase 0 completed
[20%] Placement Phase 1 completed
[30%] Placement Phase 2 completed
[50%] Placement Phase 3 completed
Running routing......
[60%] Routing Phase 0 completed
[70%] Routing Phase 1 completed
[80%] Routing Phase 2 completed
[90%] Routing Phase 3 completed
Running timing analysis......
[95%] Timing analysis completed
Placement and routing completed
Bitstream generation in progress......
Bitstream generation completed
Running power analysis......
[100%] Power analysis completed
Generate file "I:\Gowin\mini_star\exp3_key_led\impl\pnr\key_led.power.html" completed
Generate file "I:\Gowin\mini_star\exp3_key_led\impl\pnr\key_led.pin.html" completed
Generate file "I:\Gowin\mini_star\exp3_key_led\impl\pnr\key_led.rpt.html" completed
Generate file "I:\Gowin\mini_star\exp3_key_led\impl\pnr\key_led.rpt.txt" completed
Generate file "I:\Gowin\mini_star\exp3_key_led\impl\pnr\key_led.tr.html" completed
Wed May 12 15:34:00 2021

